<?xml version="1.0" encoding="UTF-8"?>
<!-- Generated by org.testng.reporters.JUnitReportReporter -->
<testsuite skipped="0" hostname="MacBook-Air.lan" name="userJourney.ShopperJourney_Parallel" tests="2" failures="0" timestamp="2022-03-24T09:47:03 EDT" time="20.553" errors="0">
  <testcase name="labSauceDemo_C" time="9.225" classname="userJourney.ShopperJourney_Parallel"/>
  <system-out/>
  <testcase name="labSauceDemo_F" time="11.328" classname="userJourney.ShopperJourney_Parallel"/>
  <system-out/>
</testsuite> <!-- userJourney.ShopperJourney_Parallel -->
