<?xml version="1.0" encoding="UTF-8"?>
<!-- Generated by org.testng.reporters.JUnitReportReporter -->
<testsuite skipped="0" hostname="MacBook-Air.lan" name="userJourney.testDemo_Parallel" tests="2" failures="0" timestamp="2022-03-23T16:24:49 EDT" time="23.985" errors="0">
  <testcase name="labSauceDemo_C" time="11.821" classname="userJourney.testDemo_Parallel"/>
  <system-out/>
  <testcase name="labSauceDemo_F" time="12.164" classname="userJourney.testDemo_Parallel"/>
  <system-out/>
</testsuite> <!-- userJourney.testDemo_Parallel -->
