<?xml version="1.0" encoding="UTF-8"?>
<!-- Generated by org.testng.reporters.JUnitReportReporter -->
<testsuite skipped="0" hostname="MacBook-Air.lan" name="userJourney.ShopperJourney_Headless" tests="1" failures="0" timestamp="2022-03-23T17:40:12 EDT" time="10.279" errors="0">
  <testcase name="labSauceDemo" time="10.279" classname="userJourney.ShopperJourney_Headless"/>
  <system-out/>
</testsuite> <!-- userJourney.ShopperJourney_Headless -->
