<?xml version="1.0" encoding="UTF-8"?>
<!-- Generated by org.testng.reporters.JUnitReportReporter -->
<testsuite skipped="0" hostname="MacBook-Air.lan" name="userJourney.ShopperJourney" tests="1" failures="0" timestamp="2022-03-23T14:11:28 EDT" time="12.010" errors="0">
  <testcase name="labSauceDemo" time="12.010" classname="userJourney.ShopperJourney"/>
  <system-out/>
</testsuite> <!-- userJourney.ShopperJourney -->
