<?xml version="1.0" encoding="UTF-8"?>
<!-- Generated by org.testng.reporters.JUnitReportReporter -->
<testsuite skipped="0" hostname="MacBook-Air.lan" name="userJourney.ShopperJourney_Parallel" tests="2" failures="0" timestamp="2022-03-23T16:33:58 EDT" time="36.339" errors="0">
  <testcase name="labSauceDemo_F" time="18.524" classname="userJourney.ShopperJourney_Parallel"/>
  <system-out/>
  <testcase name="labSauceDemo_C" time="17.815" classname="userJourney.ShopperJourney_Parallel"/>
  <system-out/>
</testsuite> <!-- userJourney.ShopperJourney_Parallel -->
