<?xml version="1.0" encoding="UTF-8"?>
<!-- Generated by org.testng.reporters.JUnitReportReporter -->
<testsuite skipped="0" hostname="MacBook-Air.lan" name="userJourney.ShopperJourney" tests="1" failures="0" timestamp="2022-03-23T16:56:02 EDT" time="11.304" errors="0">
  <testcase name="labSauceDemo" time="11.304" classname="userJourney.ShopperJourney"/>
  <system-out/>
</testsuite> <!-- userJourney.ShopperJourney -->
